<?xml version="1.0" encoding="UTF-8"?>
<!-- Generated by org.testng.reporters.JUnitReportReporter -->
<testsuite skipped="0" hostname="Sakunthalas-MacBook-Air.local" name="com.automation.testcases.LoginTestCRM" tests="1" failures="0" timestamp="23 Sep 2019 03:50:45 GMT" time="6.750" errors="0">
  <testcase name="LoginApp" time="6.750" classname="com.automation.testcases.LoginTestCRM"/>
</testsuite> <!-- com.automation.testcases.LoginTestCRM -->
