<?xml version="1.0" encoding="UTF-8"?>
<!-- Generated by org.testng.reporters.JUnitReportReporter -->
<testsuite skipped="0" hostname="Sakunthalas-Air" name="com.automation.testcases.LoginTestCRM" tests="3" failures="0" timestamp="26 Sep 2019 02:31:26 GMT" time="20.247" errors="0">
  <testcase name="FBLoginPageTitleTest" time="2.713" classname="com.automation.testcases.LoginTestCRM"/>
  <testcase name="FBLoginPageLogoTest" time="2.798" classname="com.automation.testcases.LoginTestCRM"/>
  <testcase name="LoginApp" time="14.736" classname="com.automation.testcases.LoginTestCRM"/>
</testsuite> <!-- com.automation.testcases.LoginTestCRM -->
